# JRE version: OpenJDK Runtime Environment (7.0_101) (build 1.7.0_101-b00)
# Java VM: OpenJDK 64-Bit Server VM (24.95-b01 mixed mode linux-amd64 compressed oops)
Heap
 PSYoungGen      total 135168K, used 19956K [0x00000000eaa80000, 0x00000000f4680000, 0x0000000100000000)
  eden space 115200K, 0% used [0x00000000eaa80000,0x00000000eaa80000,0x00000000f1b00000)
  from space 19968K, 99% used [0x00000000f1b00000,0x00000000f2e7d370,0x00000000f2e80000)
  to   space 15360K, 0% used [0x00000000f2e80000,0x00000000f2e80000,0x00000000f3d80000)
 ParOldGen       total 68608K, used 68546K [0x00000000c0000000, 0x00000000c4300000, 0x00000000eaa80000)
  object space 68608K, 99% used [0x00000000c0000000,0x00000000c42f09a8,0x00000000c4300000)
 PSPermGen       total 21504K, used 6384K [0x00000000b5a00000, 0x00000000b6f00000, 0x00000000c0000000)
  object space 21504K, 29% used [0x00000000b5a00000,0x00000000b603c2b8,0x00000000b6f00000)
GC Heap History (10 events):
Event: 4,917 GC heap after
Heap after GC invocations=4 (full 0):
 PSYoungGen      total 33280K, used 2528K [0x00000000eaa80000, 0x00000000ecd80000, 0x0000000100000000)
  eden space 30720K, 0% used [0x00000000eaa80000,0x00000000eaa80000,0x00000000ec880000)
  from space 2560K, 98% used [0x00000000ecb00000,0x00000000ecd78048,0x00000000ecd80000)
  to   space 2560K, 0% used [0x00000000ec880000,0x00000000ec880000,0x00000000ecb00000)
 ParOldGen       total 40960K, used 5339K [0x00000000c0000000, 0x00000000c2800000, 0x00000000eaa80000)
  object space 40960K, 13% used [0x00000000c0000000,0x00000000c0536fd0,0x00000000c2800000)
 PSPermGen       total 21504K, used 6205K [0x00000000b5a00000, 0x00000000b6f00000, 0x00000000c0000000)
  object space 21504K, 28% used [0x00000000b5a00000,0x00000000b600f478,0x00000000b6f00000)
}
Event: 7,936 GC heap before
{Heap before GC invocations=5 (full 0):
 PSYoungGen      total 33280K, used 33248K [0x00000000eaa80000, 0x00000000ecd80000, 0x0000000100000000)
  eden space 30720K, 100% used [0x00000000eaa80000,0x00000000ec880000,0x00000000ec880000)
  from space 2560K, 98% used [0x00000000ecb00000,0x00000000ecd78048,0x00000000ecd80000)
  to   space 2560K, 0% used [0x00000000ec880000,0x00000000ec880000,0x00000000ecb00000)
 ParOldGen       total 40960K, used 5339K [0x00000000c0000000, 0x00000000c2800000, 0x00000000eaa80000)
  object space 40960K, 13% used [0x00000000c0000000,0x00000000c0536fd0,0x00000000c2800000)
 PSPermGen       total 21504K, used 6267K [0x00000000b5a00000, 0x00000000b6f00000, 0x00000000c0000000)
  object space 21504K, 29% used [0x00000000b5a00000,0x00000000b601ecc0,0x00000000b6f00000)
Event: 7,977 GC heap after
Heap after GC invocations=5 (full 0):
 PSYoungGen      total 33280K, used 2544K [0x00000000eaa80000, 0x00000000ef880000, 0x0000000100000000)
  eden space 30720K, 0% used [0x00000000eaa80000,0x00000000eaa80000,0x00000000ec880000)
  from space 2560K, 99% used [0x00000000ec880000,0x00000000ecafc038,0x00000000ecb00000)
  to   space 9216K, 0% used [0x00000000eef80000,0x00000000eef80000,0x00000000ef880000)
 ParOldGen       total 40960K, used 10121K [0x00000000c0000000, 0x00000000c2800000, 0x00000000eaa80000)
  object space 40960K, 24% used [0x00000000c0000000,0x00000000c09e2498,0x00000000c2800000)
 PSPermGen       total 21504K, used 6267K [0x00000000b5a00000, 0x00000000b6f00000, 0x00000000c0000000)
  object space 21504K, 29% used [0x00000000b5a00000,0x00000000b601ecc0,0x00000000b6f00000)
}
Event: 10,540 GC heap before
{Heap before GC invocations=6 (full 0):
 PSYoungGen      total 33280K, used 33264K [0x00000000eaa80000, 0x00000000ef880000, 0x0000000100000000)
  eden space 30720K, 100% used [0x00000000eaa80000,0x00000000ec880000,0x00000000ec880000)
  from space 2560K, 99% used [0x00000000ec880000,0x00000000ecafc038,0x00000000ecb00000)
  to   space 9216K, 0% used [0x00000000eef80000,0x00000000eef80000,0x00000000ef880000)
 ParOldGen       total 40960K, used 10121K [0x00000000c0000000, 0x00000000c2800000, 0x00000000eaa80000)
  object space 40960K, 24% used [0x00000000c0000000,0x00000000c09e2498,0x00000000c2800000)
 PSPermGen       total 21504K, used 6301K [0x00000000b5a00000, 0x00000000b6f00000, 0x00000000c0000000)
  object space 21504K, 29% used [0x00000000b5a00000,0x00000000b6027440,0x00000000b6f00000)
Event: 10,590 GC heap after
Heap after GC invocations=6 (full 0):
 PSYoungGen      total 69120K, used 8048K [0x00000000eaa80000, 0x00000000efb80000, 0x0000000100000000)
  eden space 59904K, 0% used [0x00000000eaa80000,0x00000000eaa80000,0x00000000ee500000)
  from space 9216K, 87% used [0x00000000eef80000,0x00000000ef75c038,0x00000000ef880000)
  to   space 10752K, 0% used [0x00000000ee500000,0x00000000ee500000,0x00000000eef80000)
 ParOldGen       total 40960K, used 10121K [0x00000000c0000000, 0x00000000c2800000, 0x00000000eaa80000)
  object space 40960K, 24% used [0x00000000c0000000,0x00000000c09e2498,0x00000000c2800000)
 PSPermGen       total 21504K, used 6301K [0x00000000b5a00000, 0x00000000b6f00000, 0x00000000c0000000)
  object space 21504K, 29% used [0x00000000b5a00000,0x00000000b6027440,0x00000000b6f00000)
}
Event: 13,916 GC heap before
{Heap before GC invocations=7 (full 0):
 PSYoungGen      total 69120K, used 67952K [0x00000000eaa80000, 0x00000000efb80000, 0x0000000100000000)
  eden space 59904K, 100% used [0x00000000eaa80000,0x00000000ee500000,0x00000000ee500000)
  from space 9216K, 87% used [0x00000000eef80000,0x00000000ef75c038,0x00000000ef880000)
  to   space 10752K, 0% used [0x00000000ee500000,0x00000000ee500000,0x00000000eef80000)
 ParOldGen       total 40960K, used 10121K [0x00000000c0000000, 0x00000000c2800000, 0x00000000eaa80000)
  object space 40960K, 24% used [0x00000000c0000000,0x00000000c09e2498,0x00000000c2800000)
 PSPermGen       total 21504K, used 6353K [0x00000000b5a00000, 0x00000000b6f00000, 0x00000000c0000000)
  object space 21504K, 29% used [0x00000000b5a00000,0x00000000b6034728,0x00000000b6f00000)
Event: 14,029 GC heap after
Heap after GC invocations=7 (full 0):
 PSYoungGen      total 70656K, used 10720K [0x00000000eaa80000, 0x00000000f3d80000, 0x0000000100000000)
  eden space 59904K, 0% used [0x00000000eaa80000,0x00000000eaa80000,0x00000000ee500000)
  from space 10752K, 99% used [0x00000000ee500000,0x00000000eef78010,0x00000000eef80000)
  to   space 15360K, 0% used [0x00000000f2e80000,0x00000000f2e80000,0x00000000f3d80000)
 ParOldGen       total 40960K, used 15284K [0x00000000c0000000, 0x00000000c2800000, 0x00000000eaa80000)
  object space 40960K, 37% used [0x00000000c0000000,0x00000000c0eed1c8,0x00000000c2800000)
 PSPermGen       total 21504K, used 6353K [0x00000000b5a00000, 0x00000000b6f00000, 0x00000000c0000000)
  object space 21504K, 29% used [0x00000000b5a00000,0x00000000b6034728,0x00000000b6f00000)
}
Event: 16,539 GC heap before
{Heap before GC invocations=8 (full 0):
 PSYoungGen      total 70656K, used 70624K [0x00000000eaa80000, 0x00000000f3d80000, 0x0000000100000000)
  eden space 59904K, 100% used [0x00000000eaa80000,0x00000000ee500000,0x00000000ee500000)
  from space 10752K, 99% used [0x00000000ee500000,0x00000000eef78010,0x00000000eef80000)
  to   space 15360K, 0% used [0x00000000f2e80000,0x00000000f2e80000,0x00000000f3d80000)
 ParOldGen       total 40960K, used 15284K [0x00000000c0000000, 0x00000000c2800000, 0x00000000eaa80000)
  object space 40960K, 37% used [0x00000000c0000000,0x00000000c0eed1c8,0x00000000c2800000)
 PSPermGen       total 21504K, used 6372K [0x00000000b5a00000, 0x00000000b6f00000, 0x00000000c0000000)
  object space 21504K, 29% used [0x00000000b5a00000,0x00000000b60393b8,0x00000000b6f00000)
Event: 16,685 GC heap after
Heap after GC invocations=8 (full 0):
 PSYoungGen      total 130560K, used 15331K [0x00000000eaa80000, 0x00000000f4680000, 0x0000000100000000)
  eden space 115200K, 0% used [0x00000000eaa80000,0x00000000eaa80000,0x00000000f1b00000)
  from space 15360K, 99% used [0x00000000f2e80000,0x00000000f3d78ec8,0x00000000f3d80000)
  to   space 19968K, 0% used [0x00000000f1b00000,0x00000000f1b00000,0x00000000f2e80000)
 ParOldGen       total 40960K, used 19699K [0x00000000c0000000, 0x00000000c2800000, 0x00000000eaa80000)
  object space 40960K, 48% used [0x00000000c0000000,0x00000000c133cda0,0x00000000c2800000)
 PSPermGen       total 21504K, used 6372K [0x00000000b5a00000, 0x00000000b6f00000, 0x00000000c0000000)
  object space 21504K, 29% used [0x00000000b5a00000,0x00000000b60393b8,0x00000000b6f00000)
}
Event: 22,677 GC heap before
{Heap before GC invocations=9 (full 0):
 PSYoungGen      total 130560K, used 130531K [0x00000000eaa80000, 0x00000000f4680000, 0x0000000100000000)
  eden space 115200K, 100% used [0x00000000eaa80000,0x00000000f1b00000,0x00000000f1b00000)
  from space 15360K, 99% used [0x00000000f2e80000,0x00000000f3d78ec8,0x00000000f3d80000)
  to   space 19968K, 0% used [0x00000000f1b00000,0x00000000f1b00000,0x00000000f2e80000)
 ParOldGen       total 40960K, used 19699K [0x00000000c0000000, 0x00000000c2800000, 0x00000000eaa80000)
  object space 40960K, 48% used [0x00000000c0000000,0x00000000c133cda0,0x00000000c2800000)
 PSPermGen       total 21504K, used 6384K [0x00000000b5a00000, 0x00000000b6f00000, 0x00000000c0000000)
  object space 21504K, 29% used [0x00000000b5a00000,0x00000000b603c2b8,0x00000000b6f00000)

