# JRE version: OpenJDK Runtime Environment (7.0_101) (build 1.7.0_101-b00)
# Java VM: OpenJDK 64-Bit Server VM (24.95-b01 mixed mode linux-amd64 compressed oops)
Heap
 PSYoungGen      total 111616K, used 17559K [0x00000000eaa80000, 0x00000000f6780000, 0x0000000100000000)
  eden space 83456K, 0% used [0x00000000eaa80000,0x00000000eaa80000,0x00000000efc00000)
  from space 28160K, 62% used [0x00000000efc00000,0x00000000f0d25f68,0x00000000f1780000)
  to   space 44544K, 0% used [0x00000000f3c00000,0x00000000f3c00000,0x00000000f6780000)
 ParOldGen       total 78848K, used 78569K [0x00000000c0000000, 0x00000000c4d00000, 0x00000000eaa80000)
  object space 78848K, 99% used [0x00000000c0000000,0x00000000c4cba5c0,0x00000000c4d00000)
 PSPermGen       total 21504K, used 6381K [0x00000000b5a00000, 0x00000000b6f00000, 0x00000000c0000000)
  object space 21504K, 29% used [0x00000000b5a00000,0x00000000b603b720,0x00000000b6f00000)
GC Heap History (10 events):
Event: 10,597 GC heap after
Heap after GC invocations=8 (full 0):
 PSYoungGen      total 69120K, used 10224K [0x00000000eaa80000, 0x00000000eff80000, 0x0000000100000000)
  eden space 58880K, 0% used [0x00000000eaa80000,0x00000000eaa80000,0x00000000ee400000)
  from space 10240K, 99% used [0x00000000ef080000,0x00000000efa7c020,0x00000000efa80000)
  to   space 12800K, 0% used [0x00000000ee400000,0x00000000ee400000,0x00000000ef080000)
 ParOldGen       total 40960K, used 11546K [0x00000000c0000000, 0x00000000c2800000, 0x00000000eaa80000)
  object space 40960K, 28% used [0x00000000c0000000,0x00000000c0b46a08,0x00000000c2800000)
 PSPermGen       total 21504K, used 6320K [0x00000000b5a00000, 0x00000000b6f00000, 0x00000000c0000000)
  object space 21504K, 29% used [0x00000000b5a00000,0x00000000b602c098,0x00000000b6f00000)
}
Event: 14,341 GC heap before
{Heap before GC invocations=9 (full 0):
 PSYoungGen      total 69120K, used 69104K [0x00000000eaa80000, 0x00000000eff80000, 0x0000000100000000)
  eden space 58880K, 100% used [0x00000000eaa80000,0x00000000ee400000,0x00000000ee400000)
  from space 10240K, 99% used [0x00000000ef080000,0x00000000efa7c020,0x00000000efa80000)
  to   space 12800K, 0% used [0x00000000ee400000,0x00000000ee400000,0x00000000ef080000)
 ParOldGen       total 40960K, used 11546K [0x00000000c0000000, 0x00000000c2800000, 0x00000000eaa80000)
  object space 40960K, 28% used [0x00000000c0000000,0x00000000c0b46a08,0x00000000c2800000)
 PSPermGen       total 21504K, used 6363K [0x00000000b5a00000, 0x00000000b6f00000, 0x00000000c0000000)
  object space 21504K, 29% used [0x00000000b5a00000,0x00000000b6036f00,0x00000000b6f00000)
Event: 14,486 GC heap after
Heap after GC invocations=9 (full 0):
 PSYoungGen      total 71680K, used 12785K [0x00000000eaa80000, 0x00000000f2880000, 0x0000000100000000)
  eden space 58880K, 0% used [0x00000000eaa80000,0x00000000eaa80000,0x00000000ee400000)
  from space 12800K, 99% used [0x00000000ee400000,0x00000000ef07c5f8,0x00000000ef080000)
  to   space 17408K, 0% used [0x00000000f1780000,0x00000000f1780000,0x00000000f2880000)
 ParOldGen       total 40960K, used 17905K [0x00000000c0000000, 0x00000000c2800000, 0x00000000eaa80000)
  object space 40960K, 43% used [0x00000000c0000000,0x00000000c117c688,0x00000000c2800000)
 PSPermGen       total 21504K, used 6363K [0x00000000b5a00000, 0x00000000b6f00000, 0x00000000c0000000)
  object space 21504K, 29% used [0x00000000b5a00000,0x00000000b6036f00,0x00000000b6f00000)
}
Event: 20,872 GC heap before
{Heap before GC invocations=10 (full 0):
 PSYoungGen      total 71680K, used 71665K [0x00000000eaa80000, 0x00000000f2880000, 0x0000000100000000)
  eden space 58880K, 100% used [0x00000000eaa80000,0x00000000ee400000,0x00000000ee400000)
  from space 12800K, 99% used [0x00000000ee400000,0x00000000ef07c5f8,0x00000000ef080000)
  to   space 17408K, 0% used [0x00000000f1780000,0x00000000f1780000,0x00000000f2880000)
 ParOldGen       total 40960K, used 17905K [0x00000000c0000000, 0x00000000c2800000, 0x00000000eaa80000)
  object space 40960K, 43% used [0x00000000c0000000,0x00000000c117c688,0x00000000c2800000)
 PSPermGen       total 21504K, used 6375K [0x00000000b5a00000, 0x00000000b6f00000, 0x00000000c0000000)
  object space 21504K, 29% used [0x00000000b5a00000,0x00000000b6039e28,0x00000000b6f00000)
Event: 21,036 GC heap after
Heap after GC invocations=10 (full 0):
 PSYoungGen      total 100864K, used 17407K [0x00000000eaa80000, 0x00000000f3d80000, 0x0000000100000000)
  eden space 83456K, 0% used [0x00000000eaa80000,0x00000000eaa80000,0x00000000efc00000)
  from space 17408K, 99% used [0x00000000f1780000,0x00000000f287fe20,0x00000000f2880000)
  to   space 28160K, 0% used [0x00000000efc00000,0x00000000efc00000,0x00000000f1780000)
 ParOldGen       total 40960K, used 39854K [0x00000000c0000000, 0x00000000c2800000, 0x00000000eaa80000)
  object space 40960K, 97% used [0x00000000c0000000,0x00000000c26ebbc0,0x00000000c2800000)
 PSPermGen       total 21504K, used 6375K [0x00000000b5a00000, 0x00000000b6f00000, 0x00000000c0000000)
  object space 21504K, 29% used [0x00000000b5a00000,0x00000000b6039e28,0x00000000b6f00000)
}
Event: 21,036 GC heap before
{Heap before GC invocations=11 (full 1):
 PSYoungGen      total 100864K, used 17407K [0x00000000eaa80000, 0x00000000f3d80000, 0x0000000100000000)
  eden space 83456K, 0% used [0x00000000eaa80000,0x00000000eaa80000,0x00000000efc00000)
  from space 17408K, 99% used [0x00000000f1780000,0x00000000f287fe20,0x00000000f2880000)
  to   space 28160K, 0% used [0x00000000efc00000,0x00000000efc00000,0x00000000f1780000)
 ParOldGen       total 40960K, used 39854K [0x00000000c0000000, 0x00000000c2800000, 0x00000000eaa80000)
  object space 40960K, 97% used [0x00000000c0000000,0x00000000c26ebbc0,0x00000000c2800000)
 PSPermGen       total 21504K, used 6375K [0x00000000b5a00000, 0x00000000b6f00000, 0x00000000c0000000)
  object space 21504K, 29% used [0x00000000b5a00000,0x00000000b6039e28,0x00000000b6f00000)
Event: 22,535 GC heap after
Heap after GC invocations=11 (full 1):
 PSYoungGen      total 100864K, used 13772K [0x00000000eaa80000, 0x00000000f3d80000, 0x0000000100000000)
  eden space 83456K, 0% used [0x00000000eaa80000,0x00000000eaa80000,0x00000000efc00000)
  from space 17408K, 79% used [0x00000000f1780000,0x00000000f24f32a0,0x00000000f2880000)
  to   space 28160K, 0% used [0x00000000efc00000,0x00000000efc00000,0x00000000f1780000)
 ParOldGen       total 78848K, used 40467K [0x00000000c0000000, 0x00000000c4d00000, 0x00000000eaa80000)
  object space 78848K, 51% used [0x00000000c0000000,0x00000000c2784f88,0x00000000c4d00000)
 PSPermGen       total 21504K, used 6373K [0x00000000b5a00000, 0x00000000b6f00000, 0x00000000c0000000)
  object space 21504K, 29% used [0x00000000b5a00000,0x00000000b6039518,0x00000000b6f00000)
}
Event: 23,463 GC heap before
{Heap before GC invocations=12 (full 1):
 PSYoungGen      total 100864K, used 97228K [0x00000000eaa80000, 0x00000000f3d80000, 0x0000000100000000)
  eden space 83456K, 100% used [0x00000000eaa80000,0x00000000efc00000,0x00000000efc00000)
  from space 17408K, 79% used [0x00000000f1780000,0x00000000f24f32a0,0x00000000f2880000)
  to   space 28160K, 0% used [0x00000000efc00000,0x00000000efc00000,0x00000000f1780000)
 ParOldGen       total 78848K, used 40467K [0x00000000c0000000, 0x00000000c4d00000, 0x00000000eaa80000)
  object space 78848K, 51% used [0x00000000c0000000,0x00000000c2784f88,0x00000000c4d00000)
 PSPermGen       total 21504K, used 6381K [0x00000000b5a00000, 0x00000000b6f00000, 0x00000000c0000000)
  object space 21504K, 29% used [0x00000000b5a00000,0x00000000b603b720,0x00000000b6f00000)
Event: 23,701 GC heap after
Heap after GC invocations=12 (full 1):
 PSYoungGen      total 111616K, used 28155K [0x00000000eaa80000, 0x00000000f6780000, 0x0000000100000000)
  eden space 83456K, 0% used [0x00000000eaa80000,0x00000000eaa80000,0x00000000efc00000)
  from space 28160K, 99% used [0x00000000efc00000,0x00000000f177ed00,0x00000000f1780000)
  to   space 44544K, 0% used [0x00000000f3c00000,0x00000000f3c00000,0x00000000f6780000)
 ParOldGen       total 78848K, used 71860K [0x00000000c0000000, 0x00000000c4d00000, 0x00000000eaa80000)
  object space 78848K, 91% used [0x00000000c0000000,0x00000000c462d218,0x00000000c4d00000)
 PSPermGen       total 21504K, used 6381K [0x00000000b5a00000, 0x00000000b6f00000, 0x00000000c0000000)
  object space 21504K, 29% used [0x00000000b5a00000,0x00000000b603b720,0x00000000b6f00000)
}
Event: 23,701 GC heap before
{Heap before GC invocations=13 (full 2):
 PSYoungGen      total 111616K, used 28155K [0x00000000eaa80000, 0x00000000f6780000, 0x0000000100000000)
  eden space 83456K, 0% used [0x00000000eaa80000,0x00000000eaa80000,0x00000000efc00000)
  from space 28160K, 99% used [0x00000000efc00000,0x00000000f177ed00,0x00000000f1780000)
  to   space 44544K, 0% used [0x00000000f3c00000,0x00000000f3c00000,0x00000000f6780000)
 ParOldGen       total 78848K, used 71860K [0x00000000c0000000, 0x00000000c4d00000, 0x00000000eaa80000)
  object space 78848K, 91% used [0x00000000c0000000,0x00000000c462d218,0x00000000c4d00000)
 PSPermGen       total 21504K, used 6381K [0x00000000b5a00000, 0x00000000b6f00000, 0x00000000c0000000)
  object space 21504K, 29% used [0x00000000b5a00000,0x00000000b603b720,0x00000000b6f00000)

